{"name": "test_newly", "status": "failed", "statusDetails": {"message": "AssertionError: assert 2 == 0\n  +2\n  -0", "trace": "self = <test_21.TestProcurementType object at 0x05295170>\n\n    def test_newly(self):\n        self.lab = gl.get_value('lab')\n        self.caseid = '%s-21' % (self.lab)\n        self.ip = gl.get_value('apiip')\n        self.testplanid = gl.get_value('test_plan_id')\n        self.token = gl.get_value('Cookie')\n    \n        # 测试API地址\n        self.url = '% smethod=finance.getAppliedSupplierIds'% (self.ip)\n        print(self.url)\n        self.payloadData ={\n                    \"month\": \"2021-03\"\n                }\n    \n        self.payloadHeader = {\n            'Content-Type': \"application/json\",\n            'Cookie': self.token\n        }\n        #打印requests\n        self.data = json.dumps(self.payloadData)\n        self.headers = self.payloadHeader\n        ul.log.logger.info(\"%s is open!~~~~~~~~~~~~~~~~~~~~~~~~~~~~\" % (self.caseid))\n    \n        r = requests.request(\"post\", url=self.url, headers=self.payloadHeader, data=self.data,verify=False)\n    \n        print(r.json())\n        ul.log.logger.info(r)\n    \n        # 断言\n>       assert r.json()['result'] == 0\nE       assert 2 == 0\nE         +2\nE         -0\n\ntestcase\\test_21.py:50: AssertionError"}, "attachments": [{"name": "log", "source": "63c282d7-d1cf-45e5-b5a3-41625e20cf67-attachment.txt", "type": "text/plain"}], "start": 1616663577080, "stop": 1616663581828, "uuid": "832e94fd-9f1b-42dc-b97c-67cc79b9412e", "historyId": "358a4a7f653a60881584a89effe65fa5", "testCaseId": "000ec88df9d0d847fa51bf86d78d56f2", "fullName": "testcase.test_21.TestProcurementType#test_newly", "labels": [{"name": "feature", "value": "测试用例21"}, {"name": "parentSuite", "value": "testcase"}, {"name": "suite", "value": "test_21"}, {"name": "subSuite", "value": "TestProcurementType"}, {"name": "host", "value": "DESKTOP-JR3NDOU"}, {"name": "thread", "value": "211148-MainThread"}, {"name": "framework", "value": "pytest"}, {"name": "language", "value": "cpython3"}, {"name": "package", "value": "testcase.test_21"}]}