{"name": "test_newly", "status": "failed", "statusDetails": {"message": "AssertionError: assert 2 == 0\n  +2\n  -0", "trace": "self = <test_11.TestProcurementType object at 0x051CC710>\n\n    def test_newly(self):\n        self.lab = gl.get_value('lab')\n        self.caseid = '%s-11' % (self.lab)\n        self.ip = gl.get_value('apiip')\n        self.testplanid = gl.get_value('test_plan_id')\n        self.token = gl.get_value('Cookie')\n    \n        # 测试API地址\n        self.url = '% smethod=purchasePlan.getPurchasePlanList&storeHouseId=&barcode=&page=1&pageSize=10&status=1'% (self.ip)\n        print(self.url)\n        self.payloadData ={\n    \n                        }\n    \n        self.payloadHeader = {\n            'Content-Type': \"application/json\",\n            'Cookie': self.token\n        }\n        #打印requests\n        self.data = json.dumps(self.payloadData)\n        self.headers = self.payloadHeader\n        ul.log.logger.info(\"%s is open!~~~~~~~~~~~~~~~~~~~~~~~~~~~~\" % (self.caseid))\n    \n        r = requests.request(\"get\", url=self.url, headers=self.payloadHeader, data=self.data,verify=False)\n    \n        print(r.json())\n        ul.log.logger.info(r)\n    \n        # 断言\n>       assert r.json()['result'] == 0\nE       assert 2 == 0\nE         +2\nE         -0\n\ntestcase\\test_11.py:50: AssertionError"}, "attachments": [{"name": "log", "source": "50cb826f-b0ee-434a-8861-926a4da668a6-attachment.txt", "type": "text/plain"}], "start": 1615860544362, "stop": 1615860544973, "uuid": "9e08c26d-a5da-48f2-afcc-be9d85a0dcd6", "historyId": "ea15f6b2a2f71ab65fab68a6e348f6df", "testCaseId": "02a8f5ed82607e75e3c28216c4378767", "fullName": "testcase.test_11.TestProcurementType#test_newly", "labels": [{"name": "feature", "value": "测试用例11"}, {"name": "parentSuite", "value": "testcase"}, {"name": "suite", "value": "test_11"}, {"name": "subSuite", "value": "TestProcurementType"}, {"name": "host", "value": "DESKTOP-JR3NDOU"}, {"name": "thread", "value": "170332-MainThread"}, {"name": "framework", "value": "pytest"}, {"name": "language", "value": "cpython3"}, {"name": "package", "value": "testcase.test_11"}]}